{"timestamp":"2025-07-27T12:25:04.121930","level":"info","event":"DAG bundles loaded: dags-folder, example_dags","logger":"airflow.dag_processing.bundles.manager.DagBundlesManager"}
{"timestamp":"2025-07-27T12:25:04.122592","level":"info","event":"Filling up the DagBag from /opt/airflow/dags/dvc_lightgcn_pipeline.py","logger":"airflow.models.dagbag.DagBag"}
{"timestamp":"2025-07-27T12:25:04.161733Z","level":"info","event":"Task instance is in running state","chan":"stdout","logger":"task"}
{"timestamp":"2025-07-27T12:25:04.162614Z","level":"info","event":" Previous state of the Task instance: TaskInstanceState.QUEUED","chan":"stdout","logger":"task"}
{"timestamp":"2025-07-27T12:25:04.163046Z","level":"info","event":"Current task name:run_dvc_repro","chan":"stdout","logger":"task"}
{"timestamp":"2025-07-27T12:25:04.163330Z","level":"info","event":"Dag name:dvc_lightgcn_pipeline","chan":"stdout","logger":"task"}
{"timestamp":"2025-07-27T12:25:04.162620","level":"info","event":"Tmp dir root location: /tmp","logger":"airflow.task.hooks.airflow.providers.standard.hooks.subprocess.SubprocessHook"}
{"timestamp":"2025-07-27T12:25:04.163825","level":"info","event":"Running command: ['/usr/bin/bash', '-c', 'cd /opt/airflow/lightgcn-recommender && dvc repro']","logger":"airflow.task.hooks.airflow.providers.standard.hooks.subprocess.SubprocessHook"}
{"timestamp":"2025-07-27T12:25:04.176191","level":"info","event":"Output:","logger":"airflow.task.hooks.airflow.providers.standard.hooks.subprocess.SubprocessHook"}
{"timestamp":"2025-07-27T12:25:05.861612","level":"info","event":"'data/Ratings.csv.dvc' didn't change, skipping","logger":"airflow.task.hooks.airflow.providers.standard.hooks.subprocess.SubprocessHook"}
{"timestamp":"2025-07-27T12:25:06.488328","level":"info","event":"Stage 'train_lightgcn' didn't change, skipping","logger":"airflow.task.hooks.airflow.providers.standard.hooks.subprocess.SubprocessHook"}
{"timestamp":"2025-07-27T12:25:06.598085","level":"info","event":"Running stage 'ui':","logger":"airflow.task.hooks.airflow.providers.standard.hooks.subprocess.SubprocessHook"}
{"timestamp":"2025-07-27T12:25:06.598226","level":"info","event":"> streamlit run scripts/app.py","logger":"airflow.task.hooks.airflow.providers.standard.hooks.subprocess.SubprocessHook"}
{"timestamp":"2025-07-27T12:25:06.599665","level":"info","event":"/bin/sh: 1: streamlit: Permission denied","logger":"airflow.task.hooks.airflow.providers.standard.hooks.subprocess.SubprocessHook"}
{"timestamp":"2025-07-27T12:25:06.619390","level":"info","event":"ERROR: failed to reproduce 'ui': failed to run: streamlit run scripts/app.py, exited with 127","logger":"airflow.task.hooks.airflow.providers.standard.hooks.subprocess.SubprocessHook"}
{"timestamp":"2025-07-27T12:25:06.815372","level":"info","event":"Command exited with return code 255","logger":"airflow.task.hooks.airflow.providers.standard.hooks.subprocess.SubprocessHook"}
{"timestamp":"2025-07-27T12:25:06.816217","level":"error","event":"Task failed with exception","logger":"task","error_detail":[{"exc_type":"AirflowException","exc_value":"Bash command failed. The command returned a non-zero exit code 255.","exc_notes":[],"syntax_error":null,"is_cause":false,"frames":[{"filename":"/home/airflow/.local/lib/python3.12/site-packages/airflow/sdk/execution_time/task_runner.py","lineno":877,"name":"run"},{"filename":"/home/airflow/.local/lib/python3.12/site-packages/airflow/sdk/execution_time/task_runner.py","lineno":1164,"name":"_execute_task"},{"filename":"/home/airflow/.local/lib/python3.12/site-packages/airflow/sdk/bases/operator.py","lineno":397,"name":"wrapper"},{"filename":"/home/airflow/.local/lib/python3.12/site-packages/airflow/providers/standard/operators/bash.py","lineno":232,"name":"execute"}],"is_group":false,"exceptions":[]}]}
{"timestamp":"2025-07-27T12:25:06.818074Z","level":"info","event":"Task instance in failure state","chan":"stdout","logger":"task"}
{"timestamp":"2025-07-27T12:25:06.818508Z","level":"info","event":"Task start","chan":"stdout","logger":"task"}
{"timestamp":"2025-07-27T12:25:06.818911Z","level":"info","event":"Task:<Task(BashOperator): run_dvc_repro>","chan":"stdout","logger":"task"}
{"timestamp":"2025-07-27T12:25:06.819256Z","level":"info","event":"Failure caused by Bash command failed. The command returned a non-zero exit code 255.","chan":"stdout","logger":"task"}
